<?xml version="1.0" encoding="UTF-8"?>
<!-- Generated by org.testng.reporters.JUnitReportReporter -->
<testsuite hostname="LAPTOP-1MDBC8FC" failures="0" tests="1" name="org.Vtiger.testcases.Organisation.P1" time="14.914" errors="0" timestamp="2024-02-15T13:08:39 IST" skipped="0">
  <testcase classname="org.Vtiger.testcases.Organisation.P1" name="amazon" time="14.914"/>
  <system-out/>
</testsuite> <!-- org.Vtiger.testcases.Organisation.P1 -->
